<?xml version="1.0" encoding="UTF-8"?>
<testng-results skipped="0" failed="1" total="3" passed="2">
  <reporter-output>
  </reporter-output>
  <suite name="Evercoding Vacations" duration-ms="21000" started-at="2016-02-23T20:58:52Z" finished-at="2016-02-23T20:59:13Z">
    <groups>
    </groups>
    <test name="Login Test" duration-ms="10696" started-at="2016-02-23T20:58:52Z" finished-at="2016-02-23T20:59:02Z">
      <class name="fwkTests.LoginTest">
        <test-method status="PASS" signature="initializeTestBaseSetup(java.lang.String)[pri:0, instance:fwkTests.LoginTest@6c9f45f4]" name="initializeTestBaseSetup" is-config="true" duration-ms="8363" started-at="2016-02-23T15:58:52Z" finished-at="2016-02-23T15:59:00Z">
          <params>
            <param index="0">
              <value>
                <![CDATA[http://vacations.evercoding.com/]]>
              </value>
            </param>
          </params>
          <reporter-output>
          </reporter-output>
        </test-method> <!-- initializeTestBaseSetup -->
        <test-method status="PASS" signature="setUp()[pri:0, instance:fwkTests.LoginTest@6c9f45f4]" name="setUp" is-config="true" duration-ms="6" started-at="2016-02-23T15:59:00Z" finished-at="2016-02-23T15:59:00Z">
          <reporter-output>
          </reporter-output>
        </test-method> <!-- setUp -->
        <test-method status="PASS" signature="testSignInUser()[pri:0, instance:fwkTests.LoginTest@6c9f45f4]" name="testSignInUser" duration-ms="1731" started-at="2016-02-23T15:59:00Z" finished-at="2016-02-23T15:59:02Z">
          <reporter-output>
          </reporter-output>
        </test-method> <!-- testSignInUser -->
        <test-method status="PASS" signature="tearDown()[pri:0, instance:fwkTests.LoginTest@6c9f45f4]" name="tearDown" is-config="true" duration-ms="584" started-at="2016-02-23T15:59:02Z" finished-at="2016-02-23T15:59:02Z">
          <reporter-output>
          </reporter-output>
        </test-method> <!-- tearDown -->
      </class> <!-- fwkTests.LoginTest -->
    </test> <!-- Login Test -->
    <test name="Employee Tests" duration-ms="10291" started-at="2016-02-23T20:59:02Z" finished-at="2016-02-23T20:59:13Z">
      <class name="fwkTests.EmployeeTests">
        <test-method status="PASS" signature="initializeTestBaseSetup(java.lang.String)[pri:0, instance:fwkTests.EmployeeTests@635194a1]" name="initializeTestBaseSetup" is-config="true" duration-ms="6860" started-at="2016-02-23T15:59:02Z" finished-at="2016-02-23T15:59:09Z">
          <params>
            <param index="0">
              <value>
                <![CDATA[http://vacations.evercoding.com/]]>
              </value>
            </param>
          </params>
          <reporter-output>
          </reporter-output>
        </test-method> <!-- initializeTestBaseSetup -->
        <test-method status="PASS" signature="setUp()[pri:0, instance:fwkTests.EmployeeTests@635194a1]" name="setUp" is-config="true" duration-ms="1" started-at="2016-02-23T15:59:09Z" finished-at="2016-02-23T15:59:09Z">
          <reporter-output>
          </reporter-output>
        </test-method> <!-- setUp -->
        <test-method status="PASS" signature="createNewEmployee()[pri:0, instance:fwkTests.EmployeeTests@635194a1]" name="createNewEmployee" duration-ms="2553" started-at="2016-02-23T15:59:09Z" finished-at="2016-02-23T15:59:12Z">
          <reporter-output>
          </reporter-output>
        </test-method> <!-- createNewEmployee -->
        <test-method status="FAIL" signature="deleteEmployee()[pri:0, instance:fwkTests.EmployeeTests@635194a1]" name="deleteEmployee" duration-ms="460" started-at="2016-02-23T15:59:12Z" finished-at="2016-02-23T15:59:12Z">
          <exception class="org.openqa.selenium.NoSuchElementException">
            <message>
              <![CDATA[Unable to locate element: {"method":"xpath","selector":".//td[contains(text(),'James')]"}
Command duration or timeout: 328 milliseconds
For documentation on this error, please visit: http://seleniumhq.org/exceptions/no_such_element.html
Build info: version: '2.52.0', revision: '4c2593cfc3689a7fcd7be52549167e5ccc93ad28', time: '2016-02-11 11:22:43'
System info: host: 'pe-achang', ip: '192.168.56.1', os.name: 'Windows 7', os.arch: 'amd64', os.version: '6.1', java.version: '1.7.0_75'
*** Element info: {Using=xpath, value=.//td[contains(text(),'James')]}
Session ID: 95d20d12-185b-415f-9041-6f81db7006af
Driver info: org.openqa.selenium.firefox.FirefoxDriver
Capabilities [{platform=WINDOWS, acceptSslCerts=true, javascriptEnabled=true, cssSelectorsEnabled=true, databaseEnabled=true, browserName=firefox, handlesAlerts=true, nativeEvents=false, webStorageEnabled=true, rotatable=false, locationContextEnabled=true, applicationCacheEnabled=true, takesScreenshot=true, version=44.0.2}]]]>
            </message>
            <full-stacktrace>
              <![CDATA[org.openqa.selenium.NoSuchElementException: Unable to locate element: {"method":"xpath","selector":".//td[contains(text(),'James')]"}
Command duration or timeout: 328 milliseconds
For documentation on this error, please visit: http://seleniumhq.org/exceptions/no_such_element.html
Build info: version: '2.52.0', revision: '4c2593cfc3689a7fcd7be52549167e5ccc93ad28', time: '2016-02-11 11:22:43'
System info: host: 'pe-achang', ip: '192.168.56.1', os.name: 'Windows 7', os.arch: 'amd64', os.version: '6.1', java.version: '1.7.0_75'
*** Element info: {Using=xpath, value=.//td[contains(text(),'James')]}
Session ID: 95d20d12-185b-415f-9041-6f81db7006af
Driver info: org.openqa.selenium.firefox.FirefoxDriver
Capabilities [{platform=WINDOWS, acceptSslCerts=true, javascriptEnabled=true, cssSelectorsEnabled=true, databaseEnabled=true, browserName=firefox, handlesAlerts=true, nativeEvents=false, webStorageEnabled=true, rotatable=false, locationContextEnabled=true, applicationCacheEnabled=true, takesScreenshot=true, version=44.0.2}]
	at sun.reflect.NativeConstructorAccessorImpl.newInstance0(Native Method)
	at sun.reflect.NativeConstructorAccessorImpl.newInstance(Unknown Source)
	at sun.reflect.DelegatingConstructorAccessorImpl.newInstance(Unknown Source)
	at java.lang.reflect.Constructor.newInstance(Unknown Source)
	at org.openqa.selenium.remote.ErrorHandler.createThrowable(ErrorHandler.java:206)
	at org.openqa.selenium.remote.ErrorHandler.throwIfResponseFailed(ErrorHandler.java:158)
	at org.openqa.selenium.remote.RemoteWebDriver.execute(RemoteWebDriver.java:678)
	at org.openqa.selenium.remote.RemoteWebDriver.findElement(RemoteWebDriver.java:363)
	at org.openqa.selenium.remote.RemoteWebDriver.findElementByXPath(RemoteWebDriver.java:500)
	at org.openqa.selenium.By$ByXPath.findElement(By.java:361)
	at org.openqa.selenium.remote.RemoteWebDriver.findElement(RemoteWebDriver.java:355)
	at pagesObjects.EmployeesPage.getIfEmployeeNameExists(EmployeesPage.java:73)
	at fwkTests.EmployeeTests.deleteEmployee(EmployeeTests.java:36)
	at sun.reflect.NativeMethodAccessorImpl.invoke0(Native Method)
	at sun.reflect.NativeMethodAccessorImpl.invoke(Unknown Source)
	at sun.reflect.DelegatingMethodAccessorImpl.invoke(Unknown Source)
	at java.lang.reflect.Method.invoke(Unknown Source)
	at org.testng.internal.MethodInvocationHelper.invokeMethod(MethodInvocationHelper.java:86)
	at org.testng.internal.Invoker.invokeMethod(Invoker.java:643)
	at org.testng.internal.Invoker.invokeTestMethod(Invoker.java:820)
	at org.testng.internal.Invoker.invokeTestMethods(Invoker.java:1128)
	at org.testng.internal.TestMethodWorker.invokeTestMethods(TestMethodWorker.java:129)
	at org.testng.internal.TestMethodWorker.run(TestMethodWorker.java:112)
	at java.util.concurrent.ThreadPoolExecutor.runWorker(Unknown Source)
	at java.util.concurrent.ThreadPoolExecutor$Worker.run(Unknown Source)
	at java.lang.Thread.run(Unknown Source)
Caused by: org.openqa.selenium.NoSuchElementException: Unable to locate element: {"method":"xpath","selector":".//td[contains(text(),'James')]"}
For documentation on this error, please visit: http://seleniumhq.org/exceptions/no_such_element.html
Build info: version: '2.52.0', revision: '4c2593cfc3689a7fcd7be52549167e5ccc93ad28', time: '2016-02-11 11:22:43'
System info: host: 'pe-achang', ip: '192.168.56.1', os.name: 'Windows 7', os.arch: 'amd64', os.version: '6.1', java.version: '1.7.0_75'
Driver info: driver.version: unknown
	at <anonymous class>.FirefoxDriver.prototype.findElementInternal_(file:///C:/Users/ANDREA~1.CHA/AppData/Local/Temp/anonymous6971174171695014168webdriver-profile/extensions/fxdriver@googlecode.com/components/driver-component.js:10723)
	at <anonymous class>.FirefoxDriver.prototype.findElement(file:///C:/Users/ANDREA~1.CHA/AppData/Local/Temp/anonymous6971174171695014168webdriver-profile/extensions/fxdriver@googlecode.com/components/driver-component.js:10732)
	at <anonymous class>.DelayedCommand.prototype.executeInternal_/h(file:///C:/Users/ANDREA~1.CHA/AppData/Local/Temp/anonymous6971174171695014168webdriver-profile/extensions/fxdriver@googlecode.com/components/command-processor.js:12614)
	at <anonymous class>.DelayedCommand.prototype.executeInternal_(file:///C:/Users/ANDREA~1.CHA/AppData/Local/Temp/anonymous6971174171695014168webdriver-profile/extensions/fxdriver@googlecode.com/components/command-processor.js:12619)
	at <anonymous class>.DelayedCommand.prototype.execute/<(file:///C:/Users/ANDREA~1.CHA/AppData/Local/Temp/anonymous6971174171695014168webdriver-profile/extensions/fxdriver@googlecode.com/components/command-processor.js:12561)
]]>
            </full-stacktrace>
          </exception> <!-- org.openqa.selenium.NoSuchElementException -->
          <reporter-output>
          </reporter-output>
        </test-method> <!-- deleteEmployee -->
        <test-method status="PASS" signature="tearDown()[pri:0, instance:fwkTests.EmployeeTests@635194a1]" name="tearDown" is-config="true" duration-ms="411" started-at="2016-02-23T15:59:12Z" finished-at="2016-02-23T15:59:13Z">
          <reporter-output>
          </reporter-output>
        </test-method> <!-- tearDown -->
      </class> <!-- fwkTests.EmployeeTests -->
    </test> <!-- Employee Tests -->
  </suite> <!-- Evercoding Vacations -->
</testng-results>
